[2023-08-16 23:40:33][INFO] Starting simulation with total balance: 200.0
[2023-08-16 23:42:09][INFO] Starting simulation with total balance: 200.0
[2023-08-16 23:48:41][INFO] Starting simulation with total balance: 200.0
[2023-08-16 23:48:46][INFO] Simulated trade: Bought 0.0 ETH/USDT on bitstamp and sold on bybit. Profit/Loss: 0.0
[2023-08-16 23:48:46][INFO] Balance after trade: 0.0
[2023-08-16 23:48:46][INFO] Simulated trade: Bought 0.0 BTC/USDT on bitstamp and sold on bybit. Profit/Loss: 0.0
[2023-08-16 23:48:46][INFO] Balance after trade: 0.0
[2023-08-16 23:48:46][INFO] Simulated trade: Bought 0.0 ETH/USDC on bitstamp and sold on bybit. Profit/Loss: 0.0
[2023-08-16 23:48:46][INFO] Balance after trade: 0.0
[2023-08-16 23:48:46][INFO] Finished simulation with total balance: 0.0
[2023-08-17 00:30:00][INFO] Starting simulation with the following balances:
[2023-08-17 00:30:00][INFO] Balance for bybit: XRP: 500.0, BTC: 3500.0, LTC: 500.0, USDT: 1500.0, ETH: 1500.0, EUR: 500.0, USDC: 1000.0, WBTC: 500.0, ALGO: 500.0
[2023-08-17 00:30:00][INFO] Balance for bitstamp: XRP: 500.0, BTC: 3500.0, LTC: 500.0, USDT: 1500.0, ETH: 1500.0, EUR: 500.0, USDC: 1000.0, WBTC: 500.0, ALGO: 500.0
[2023-08-18 14:30:17][INFO] Available exchanges: ['bybit', 'bitstamp']
[2023-08-18 14:30:22][INFO] Common currency pairs for exchanges: {'bybit_bitstamp': ['WBTC/BTC', 'USDT/EUR', 'XRP/BTC', 'ETH/USDT', 'LTC/BTC', 'XLM/BTC', 'ETH/USDC', 'ALGO/BTC', 'XRP/USDT', 'USDC/USDT']}
[2023-08-18 14:33:19][INFO] Available exchanges: ['bybit', 'bitstamp']
[2023-08-18 14:33:24][INFO] Converting balance for pair: BTC/USDT on exchange: bybit
[2023-08-18 14:33:25][INFO] Converting balance for pair: ETH/BTC on exchange: bybit
[2023-08-18 16:23:37][INFO] Available exchanges: ['bybit', 'bitstamp']
[2023-08-18 16:23:42][INFO] Converting balance for pair: BTC/USDT on exchange: bybit
[2023-08-18 16:23:42][INFO] Converting balance for pair: BTC/USDT on exchange: bitstamp
[2023-08-18 16:29:50][INFO] Available exchanges: ['bybit', 'bitstamp']
[2023-08-18 16:29:55][INFO] Converting balance for pair: BTC/USDT on exchange: bybit
[2023-08-18 16:29:55][INFO] Converting balance for pair: BTC/USDT on exchange: bitstamp
[2023-08-18 16:29:55][INFO] Your balance.
[2023-08-18 16:32:07][INFO] Available exchanges: ['bybit', 'bitstamp']
[2023-08-18 16:32:10][INFO] Converting balance for pair: BTC/USDT on exchange: bybit
[2023-08-18 16:32:11][INFO] Converting balance for pair: BTC/USDT on exchange: bitstamp
[2023-08-18 16:32:11][INFO] Your balance.
[2023-08-18 16:32:11][INFO] Balance on bybit
[2023-08-18 16:32:11][INFO] Pair BTC on balance 0.03803731993608209
[2023-08-18 16:32:11][INFO] Pair USDT on balance 999.961962680064
[2023-08-18 16:32:11][INFO] Balance on bitstamp
[2023-08-18 16:32:11][INFO] Pair BTC on balance 0.038085082073351866
[2023-08-18 16:32:11][INFO] Pair USDT on balance 999.9619149179266
